<?xml version="1.0" encoding="UTF-8"?>
<!-- Generated by org.testng.reporters.JUnitXMLReporter -->
<testsuite hostname="LAPTOP-ID4DIPFV" name="Test(failed)" tests="2" failures="2" timestamp="10 Apr 2021 11:42:37 GMT" time="0.047" errors="0">
  <testcase name="test1" time="0.015" classname="practice_project.Test26_RunFailedTestCases">
    <failure type="java.lang.AssertionError" message="expected [false] but found [true]">
      <![CDATA[java.lang.AssertionError: expected [false] but found [true]
	at practice_project.Test26_RunFailedTestCases.test1(Test26_RunFailedTestCases.java:10)
... Removed 29 stack frames]]>
    </failure>
  </testcase> <!-- test1 -->
  <testcase name="test2" time="0.0" classname="practice_project.Test26_RunFailedTestCases">
    <failure type="java.lang.AssertionError" message="expected [false] but found [true]">
      <![CDATA[java.lang.AssertionError: expected [false] but found [true]
	at practice_project.Test26_RunFailedTestCases.test2(Test26_RunFailedTestCases.java:15)
... Removed 29 stack frames]]>
    </failure>
  </testcase> <!-- test2 -->
</testsuite> <!-- Test(failed) -->
