<?xml version="1.0" encoding="UTF-8"?>
<testng-results skipped="0" failed="0" total="3" passed="3">
  <reporter-output>
  </reporter-output>
  <suite name="Default suite" duration-ms="51" started-at="2021-04-10T12:54:14Z" finished-at="2021-04-10T12:54:14Z">
    <groups>
    </groups>
    <test name="Default test" duration-ms="51" started-at="2021-04-10T12:54:14Z" finished-at="2021-04-10T12:54:14Z">
      <class name="testNG.TC04_SchoolGrade_Dependencies">
        <test-method status="PASS" signature="highSchool()[pri:0, instance:testNG.TC04_SchoolGrade_Dependencies@2d928643]" name="highSchool" duration-ms="15" started-at="2021-04-10T18:24:14Z" finished-at="2021-04-10T18:24:14Z">
          <reporter-output>
          </reporter-output>
        </test-method> <!-- highSchool -->
        <test-method status="PASS" signature="higherSecondrySchool()[pri:0, instance:testNG.TC04_SchoolGrade_Dependencies@2d928643]" name="higherSecondrySchool" duration-ms="3" started-at="2021-04-10T18:24:14Z" depends-on-methods="testNG.TC04_SchoolGrade_Dependencies.highSchool" finished-at="2021-04-10T18:24:14Z">
          <reporter-output>
          </reporter-output>
        </test-method> <!-- higherSecondrySchool -->
        <test-method status="PASS" signature="engineeringcollege()[pri:0, instance:testNG.TC04_SchoolGrade_Dependencies@2d928643]" name="engineeringcollege" duration-ms="2" started-at="2021-04-10T18:24:14Z" depends-on-methods="testNG.TC04_SchoolGrade_Dependencies.higherSecondrySchool" finished-at="2021-04-10T18:24:14Z">
          <reporter-output>
          </reporter-output>
        </test-method> <!-- engineeringcollege -->
      </class> <!-- testNG.TC04_SchoolGrade_Dependencies -->
    </test> <!-- Default test -->
  </suite> <!-- Default suite -->
</testng-results>
