<?xml version="1.0" encoding="UTF-8"?>
<!-- Generated by org.testng.reporters.JUnitReportReporter -->
<testsuite hostname="LAPTOP-ID4DIPFV" name="testNG.TC02_CarDriving_Priority" tests="5" failures="0" timestamp="2 Mar 2021 11:46:49 GMT" time="0.057" errors="0">
  <testcase name="putThirdGear" time="0.012" classname="testNG.TC02_CarDriving_Priority"/>
  <testcase name="putFirstGear" time="0.009" classname="testNG.TC02_CarDriving_Priority"/>
  <testcase name="putFourthGear" time="0.016" classname="testNG.TC02_CarDriving_Priority"/>
  <testcase name="startTheCar" time="0.020" classname="testNG.TC02_CarDriving_Priority"/>
  <testcase name="putSecondGear" time="0.000" classname="testNG.TC02_CarDriving_Priority"/>
</testsuite> <!-- testNG.TC02_CarDriving_Priority -->
