<?xml version="1.0" encoding="UTF-8"?>
<!-- Generated by org.testng.reporters.JUnitReportReporter -->
<testsuite hostname="LAPTOP-ID4DIPFV" name="testNG.TC02_DriveACAR_Priority" tests="5" failures="0" timestamp="2 Mar 2021 02:26:32 GMT" time="0.035" errors="0">
  <testcase name="putFirstGear" time="0.003" classname="testNG.TC02_DriveACAR_Priority"/>
  <testcase name="putFourthGear" time="0.003" classname="testNG.TC02_DriveACAR_Priority"/>
  <testcase name="putSecondGear" time="0.009" classname="testNG.TC02_DriveACAR_Priority"/>
  <testcase name="startTheCar" time="0.016" classname="testNG.TC02_DriveACAR_Priority"/>
  <testcase name="putThirdGear" time="0.004" classname="testNG.TC02_DriveACAR_Priority"/>
</testsuite> <!-- testNG.TC02_DriveACAR_Priority -->
