<?xml version="1.0" encoding="UTF-8"?>
<!-- Generated by org.testng.reporters.JUnitReportReporter -->
<testsuite hostname="LAPTOP-ID4DIPFV" name="testNG.TC08_ParallelExecutionExamples" tests="2" failures="0" timestamp="3 Mar 2021 10:00:44 GMT" time="15.027" errors="0">
  <testcase name="openFacebook" time="7.997" classname="testNG.TC08_ParallelExecutionExamples"/>
  <testcase name="openGoogle" time="7.030" classname="testNG.TC08_ParallelExecutionExamples"/>
</testsuite> <!-- testNG.TC08_ParallelExecutionExamples -->
