<?xml version="1.0" encoding="UTF-8"?>
<!-- Generated by org.testng.reporters.JUnitReportReporter -->
<testsuite hostname="LAPTOP-ID4DIPFV" name="testNG.TC03_CarDriving_SkipTestCase" tests="5" failures="0" timestamp="2 Mar 2021 11:46:49 GMT" time="0.039" errors="0">
  <testcase name="putSecondGear" time="0.005" classname="testNG.TC03_CarDriving_SkipTestCase"/>
  <testcase name="startTheCar" time="0.020" classname="testNG.TC03_CarDriving_SkipTestCase"/>
  <testcase name="putFourthGear" time="0.012" classname="testNG.TC03_CarDriving_SkipTestCase"/>
  <testcase name="putThirdGear" time="0.000" classname="testNG.TC03_CarDriving_SkipTestCase"/>
  <testcase name="putFirstGear" time="0.002" classname="testNG.TC03_CarDriving_SkipTestCase"/>
</testsuite> <!-- testNG.TC03_CarDriving_SkipTestCase -->
