<?xml version="1.0" encoding="UTF-8"?>
<!-- Generated by org.testng.reporters.JUnitReportReporter -->
<testsuite hostname="LAPTOP-ID4DIPFV" name="selenium_project.CrossBrowserTesting" tests="2" failures="0" timestamp="9 Apr 2021 08:20:17 GMT" time="4.376" errors="0">
  <testcase name="launchGooglePage" time="2.152" classname="selenium_project.CrossBrowserTesting"/>
  <testcase name="launchGooglePage" time="2.224" classname="selenium_project.CrossBrowserTesting"/>
</testsuite> <!-- selenium_project.CrossBrowserTesting -->
