<?xml version="1.0" encoding="UTF-8"?>
<!-- Generated by org.testng.reporters.JUnitReportReporter -->
<testsuite hostname="LAPTOP-ID4DIPFV" name="testNG.TC05_BaseTest_SuiteExecution" tests="2" failures="0" timestamp="2 Mar 2021 11:01:47 GMT" time="5.258" errors="0">
  <testcase name="openGoogle" time="2.482" classname="testNG.TC05_BaseTest_SuiteExecution"/>
  <testcase name="openRedBus" time="2.776" classname="testNG.TC05_BaseTest_SuiteExecution"/>
</testsuite> <!-- testNG.TC05_BaseTest_SuiteExecution -->
