<?xml version="1.0" encoding="UTF-8"?>
<!-- Generated by org.testng.reporters.JUnitReportReporter -->
<testsuite hostname="LAPTOP-ID4DIPFV" name="practice_project.Test19_CrossBrowserTesting" tests="2" failures="0" timestamp="10 Apr 2021 10:29:04 GMT" time="4.097" errors="0">
  <testcase name="launchGooglePage" time="1.973" classname="practice_project.Test19_CrossBrowserTesting"/>
  <testcase name="launchGooglePage" time="2.124" classname="practice_project.Test19_CrossBrowserTesting"/>
</testsuite> <!-- practice_project.Test19_CrossBrowserTesting -->
