<?xml version="1.0" encoding="UTF-8"?>
<!-- Generated by org.testng.reporters.JUnitReportReporter -->
<testsuite hostname="LAPTOP-ID4DIPFV" name="testNG.TC04_SchoolGrade_Dependencies" tests="3" failures="0" timestamp="10 Apr 2021 12:54:14 GMT" time="0.020" errors="0">
  <testcase name="engineeringcollege" time="0.002" classname="testNG.TC04_SchoolGrade_Dependencies"/>
  <testcase name="highSchool" time="0.015" classname="testNG.TC04_SchoolGrade_Dependencies"/>
  <testcase name="higherSecondrySchool" time="0.003" classname="testNG.TC04_SchoolGrade_Dependencies"/>
</testsuite> <!-- testNG.TC04_SchoolGrade_Dependencies -->
