<?xml version="1.0" encoding="UTF-8"?>
<!-- Generated by org.testng.reporters.JUnitReportReporter -->
<testsuite hostname="LAPTOP-ID4DIPFV" name="testNG.TC12_InvokationCount" tests="5" failures="0" timestamp="10 Apr 2021 12:50:00 GMT" time="10.084" errors="0">
  <testcase name="executionCount" time="2.009" classname="testNG.TC12_InvokationCount"/>
  <testcase name="executionCount" time="2.010" classname="testNG.TC12_InvokationCount"/>
  <testcase name="executionCount" time="2.033" classname="testNG.TC12_InvokationCount"/>
  <testcase name="executionCount" time="2.011" classname="testNG.TC12_InvokationCount"/>
  <testcase name="executionCount" time="2.021" classname="testNG.TC12_InvokationCount"/>
</testsuite> <!-- testNG.TC12_InvokationCount -->
