<?xml version="1.0" encoding="UTF-8"?>
<!-- Generated by org.testng.reporters.JUnitReportReporter -->
<testsuite hostname="LAPTOP-ID4DIPFV" name="practice_project.Test28_AssertVsVerify" tests="2" failures="0" timestamp="10 Apr 2021 12:27:07 GMT" time="0.027" errors="0">
  <testcase name="assertTest" time="0.016" classname="practice_project.Test28_AssertVsVerify"/>
  <testcase name="verifyTest" time="0.011" classname="practice_project.Test28_AssertVsVerify"/>
</testsuite> <!-- practice_project.Test28_AssertVsVerify -->
