<?xml version="1.0" encoding="UTF-8"?>
<!-- Generated by org.testng.reporters.JUnitReportReporter -->
<testsuite hostname="LAPTOP-ID4DIPFV" name="practice_project.Test26_RunFailedTestCases" tests="2" failures="0" timestamp="10 Apr 2021 11:45:54 GMT" time="0.015" errors="0">
  <testcase name="test2" time="0.000" classname="practice_project.Test26_RunFailedTestCases"/>
  <testcase name="test1" time="0.015" classname="practice_project.Test26_RunFailedTestCases"/>
</testsuite> <!-- practice_project.Test26_RunFailedTestCases -->
