<?xml version="1.0" encoding="UTF-8"?>
<!-- Generated by org.testng.reporters.JUnitReportReporter -->
<testsuite hostname="LAPTOP-ID4DIPFV" name="selenium_project.ExtentReports" tests="3" failures="0" timestamp="22 Mar 2021 03:38:14 GMT" time="4.917" errors="0">
  <testcase name="openGoogle" time="2.588" classname="selenium_project.ExtentReports"/>
  <testcase name="openFB" time="1.315" classname="selenium_project.ExtentReports"/>
  <testcase name="openGmail" time="1.014" classname="selenium_project.ExtentReports"/>
</testsuite> <!-- selenium_project.ExtentReports -->
