<?xml version="1.0" encoding="UTF-8"?>
<!-- Generated by org.testng.reporters.JUnitReportReporter -->
<testsuite hostname="LAPTOP-ID4DIPFV" name="ExtentReports.ExtentReports" tests="3" failures="0" timestamp="22 Mar 2021 02:44:11 GMT" time="4.643" errors="0">
  <testcase name="openGoogle" time="2.258" classname="ExtentReports.ExtentReports"/>
  <testcase name="openFB" time="1.366" classname="ExtentReports.ExtentReports"/>
  <testcase name="openGmail" time="1.019" classname="ExtentReports.ExtentReports"/>
</testsuite> <!-- ExtentReports.ExtentReports -->
