<?xml version="1.0" encoding="UTF-8"?>
<!-- Generated by org.testng.reporters.JUnitReportReporter -->
<testsuite hostname="LAPTOP-ID4DIPFV" name="testNG.TC06_GroupingExamples" tests="6" failures="0" timestamp="3 Mar 2021 02:27:35 GMT" time="0.065" errors="0">
  <testcase name="apple2" time="0.006" classname="testNG.TC06_GroupingExamples"/>
  <testcase name="lenevo1" time="0.002" classname="testNG.TC06_GroupingExamples"/>
  <testcase name="vivo2" time="0.002" classname="testNG.TC06_GroupingExamples"/>
  <testcase name="apple1" time="0.050" classname="testNG.TC06_GroupingExamples"/>
  <testcase name="lenevo2" time="0.003" classname="testNG.TC06_GroupingExamples"/>
  <testcase name="vivo1" time="0.002" classname="testNG.TC06_GroupingExamples"/>
</testsuite> <!-- testNG.TC06_GroupingExamples -->
